<?xml version="1.0" encoding="UTF-8"?>
<testng-results ignored="0" total="4" passed="4" failed="0" skipped="0">
  <reporter-output>
  </reporter-output>
  <suite started-at="2022-07-19T20:16:06 WIB" name="Suite" finished-at="2022-07-19T20:16:31 WIB" duration-ms="24415">
    <groups>
      <group name="cucumber">
        <method signature="AbstractTestNGCucumberTests.runScenario(io.cucumber.testng.PickleWrapper, io.cucumber.testng.FeatureWrapper)[pri:0, instance:runnerFile.RunnerFileTestNG@4df828d7]" name="runScenario" class="io.cucumber.testng.AbstractTestNGCucumberTests"/>
      </group> <!-- cucumber -->
    </groups>
    <test started-at="2022-07-19T20:16:06 WIB" name="Test" finished-at="2022-07-19T20:16:31 WIB" duration-ms="24415">
      <class name="runnerFile.RunnerFileTestNG">
        <test-method is-config="true" signature="setUpClass()[pri:0, instance:runnerFile.RunnerFileTestNG@4df828d7]" started-at="2022-07-19T20:16:06 WIB" name="setUpClass" finished-at="2022-07-19T20:16:07 WIB" duration-ms="552" status="PASS">
          <reporter-output>
          </reporter-output>
        </test-method> <!-- setUpClass -->
        <test-method signature="runScenario(io.cucumber.testng.PickleWrapper, io.cucumber.testng.FeatureWrapper)[pri:0, instance:runnerFile.RunnerFileTestNG@4df828d7]" started-at="2022-07-19T20:16:07 WIB" name="runScenario" description="Runs Cucumber Scenarios" data-provider="scenarios" finished-at="2022-07-19T20:16:07 WIB" duration-ms="219" status="PASS">
          <params>
            <param index="0">
              <value>
                <![CDATA["Valid email"]]>
              </value>
            </param>
            <param index="1">
              <value>
                <![CDATA["Tentukan email valid atau engga."]]>
              </value>
            </param>
          </params>
          <reporter-output>
          </reporter-output>
        </test-method> <!-- runScenario -->
        <test-method signature="runScenario(io.cucumber.testng.PickleWrapper, io.cucumber.testng.FeatureWrapper)[pri:0, instance:runnerFile.RunnerFileTestNG@4df828d7]" started-at="2022-07-19T20:16:07 WIB" name="runScenario" description="Runs Cucumber Scenarios" data-provider="scenarios" finished-at="2022-07-19T20:16:07 WIB" duration-ms="19" status="PASS">
          <params>
            <param index="0">
              <value>
                <![CDATA["Invalid email"]]>
              </value>
            </param>
            <param index="1">
              <value>
                <![CDATA["Tentukan email valid atau engga."]]>
              </value>
            </param>
          </params>
          <reporter-output>
          </reporter-output>
        </test-method> <!-- runScenario -->
        <test-method signature="runScenario(io.cucumber.testng.PickleWrapper, io.cucumber.testng.FeatureWrapper)[pri:0, instance:runnerFile.RunnerFileTestNG@4df828d7]" started-at="2022-07-19T20:16:07 WIB" name="runScenario" description="Runs Cucumber Scenarios" data-provider="scenarios" finished-at="2022-07-19T20:16:21 WIB" duration-ms="14358" status="PASS">
          <params>
            <param index="0">
              <value>
                <![CDATA["Register Dengan Email yang valid"]]>
              </value>
            </param>
            <param index="1">
              <value>
                <![CDATA["Add Customer"]]>
              </value>
            </param>
          </params>
          <reporter-output>
          </reporter-output>
        </test-method> <!-- runScenario -->
        <test-method signature="runScenario(io.cucumber.testng.PickleWrapper, io.cucumber.testng.FeatureWrapper)[pri:0, instance:runnerFile.RunnerFileTestNG@4df828d7]" started-at="2022-07-19T20:16:21 WIB" name="runScenario" description="Runs Cucumber Scenarios" data-provider="scenarios" finished-at="2022-07-19T20:16:30 WIB" duration-ms="8904" status="PASS">
          <params>
            <param index="0">
              <value>
                <![CDATA["Register Dengan Email yang invalid"]]>
              </value>
            </param>
            <param index="1">
              <value>
                <![CDATA["Add Customer"]]>
              </value>
            </param>
          </params>
          <reporter-output>
          </reporter-output>
        </test-method> <!-- runScenario -->
        <test-method is-config="true" signature="tearDownClass()[pri:0, instance:runnerFile.RunnerFileTestNG@4df828d7]" started-at="2022-07-19T20:16:30 WIB" name="tearDownClass" finished-at="2022-07-19T20:16:31 WIB" duration-ms="297" status="PASS">
          <reporter-output>
          </reporter-output>
        </test-method> <!-- tearDownClass -->
      </class> <!-- runnerFile.RunnerFileTestNG -->
    </test> <!-- Test -->
  </suite> <!-- Suite -->
</testng-results>
