<?xml version="1.0" encoding="UTF-8"?>
<testng-results ignored="0" total="4" passed="4" failed="0" skipped="0">
  <reporter-output>
  </reporter-output>
  <suite started-at="2022-08-01T14:31:51 WIB" name="Default suite" finished-at="2022-08-01T14:33:11 WIB" duration-ms="80052">
    <groups>
      <group name="cucumber">
        <method signature="AbstractTestNGCucumberTests.runScenario(io.cucumber.testng.PickleWrapper, io.cucumber.testng.FeatureWrapper)[pri:0, instance:runnerFile.RunnerFileTestNG@433d61fb]" name="runScenario" class="io.cucumber.testng.AbstractTestNGCucumberTests"/>
      </group> <!-- cucumber -->
    </groups>
    <test started-at="2022-08-01T14:31:51 WIB" name="Default test" finished-at="2022-08-01T14:33:11 WIB" duration-ms="80052">
      <class name="runnerFile.RunnerFileTestNG">
        <test-method is-config="true" signature="setUpClass()[pri:0, instance:runnerFile.RunnerFileTestNG@433d61fb]" started-at="2022-08-01T14:31:51 WIB" name="setUpClass" finished-at="2022-08-01T14:31:52 WIB" duration-ms="490" status="PASS">
          <reporter-output>
          </reporter-output>
        </test-method> <!-- setUpClass -->
        <test-method signature="runScenario(io.cucumber.testng.PickleWrapper, io.cucumber.testng.FeatureWrapper)[pri:0, instance:runnerFile.RunnerFileTestNG@433d61fb]" started-at="2022-08-01T14:31:52 WIB" name="runScenario" description="Runs Cucumber Scenarios" data-provider="scenarios" finished-at="2022-08-01T14:31:52 WIB" duration-ms="198" status="PASS">
          <params>
            <param index="0">
              <value>
                <![CDATA["Valid email"]]>
              </value>
            </param>
            <param index="1">
              <value>
                <![CDATA["Tentukan email valid atau engga."]]>
              </value>
            </param>
          </params>
          <reporter-output>
          </reporter-output>
        </test-method> <!-- runScenario -->
        <test-method signature="runScenario(io.cucumber.testng.PickleWrapper, io.cucumber.testng.FeatureWrapper)[pri:0, instance:runnerFile.RunnerFileTestNG@433d61fb]" started-at="2022-08-01T14:31:52 WIB" name="runScenario" description="Runs Cucumber Scenarios" data-provider="scenarios" finished-at="2022-08-01T14:31:52 WIB" duration-ms="18" status="PASS">
          <params>
            <param index="0">
              <value>
                <![CDATA["Invalid email"]]>
              </value>
            </param>
            <param index="1">
              <value>
                <![CDATA["Tentukan email valid atau engga."]]>
              </value>
            </param>
          </params>
          <reporter-output>
          </reporter-output>
        </test-method> <!-- runScenario -->
        <test-method signature="runScenario(io.cucumber.testng.PickleWrapper, io.cucumber.testng.FeatureWrapper)[pri:0, instance:runnerFile.RunnerFileTestNG@433d61fb]" started-at="2022-08-01T14:31:52 WIB" name="runScenario" description="Runs Cucumber Scenarios" data-provider="scenarios" finished-at="2022-08-01T14:32:35 WIB" duration-ms="43209" status="PASS">
          <params>
            <param index="0">
              <value>
                <![CDATA["Register Dengan Email yang valid"]]>
              </value>
            </param>
            <param index="1">
              <value>
                <![CDATA["Add Customer"]]>
              </value>
            </param>
          </params>
          <reporter-output>
          </reporter-output>
        </test-method> <!-- runScenario -->
        <test-method signature="runScenario(io.cucumber.testng.PickleWrapper, io.cucumber.testng.FeatureWrapper)[pri:0, instance:runnerFile.RunnerFileTestNG@433d61fb]" started-at="2022-08-01T14:32:35 WIB" name="runScenario" description="Runs Cucumber Scenarios" data-provider="scenarios" finished-at="2022-08-01T14:33:11 WIB" duration-ms="35813" status="PASS">
          <params>
            <param index="0">
              <value>
                <![CDATA["Register Dengan Email yang invalid"]]>
              </value>
            </param>
            <param index="1">
              <value>
                <![CDATA["Add Customer"]]>
              </value>
            </param>
          </params>
          <reporter-output>
          </reporter-output>
        </test-method> <!-- runScenario -->
        <test-method is-config="true" signature="tearDownClass()[pri:0, instance:runnerFile.RunnerFileTestNG@433d61fb]" started-at="2022-08-01T14:33:11 WIB" name="tearDownClass" finished-at="2022-08-01T14:33:11 WIB" duration-ms="254" status="PASS">
          <reporter-output>
          </reporter-output>
        </test-method> <!-- tearDownClass -->
      </class> <!-- runnerFile.RunnerFileTestNG -->
    </test> <!-- Default test -->
  </suite> <!-- Default suite -->
</testng-results>
